<?xml version="1.0" encoding="utf-8"?><testsuites name="pytest tests"><testsuite name="pytest" errors="0" failures="0" skipped="0" tests="9" time="1.570" timestamp="2026-07-13T10:32:31.413981+00:00" hostname="agent-env-c785dfba-a61c-45ab-8855-3baa156c9495"><testcase classname="tests.test_reservations.TestRoot" name="test_api_root" time="0.527" /><testcase classname="tests.test_reservations.TestReservations" name="test_create_reservation_valid" time="0.640" /><testcase classname="tests.test_reservations.TestInventory" name="test_inventory_shape" time="0.083" /><testcase classname="tests.test_reservations.TestReservations" name="test_create_reservation_multiple_copies" time="0.158" /><testcase classname="tests.test_reservations.TestReservations" name="test_invalid_email" time="0.056" /><testcase classname="tests.test_reservations.TestReservations" name="test_missing_required_field" time="0.051" /><testcase classname="tests.test_reservations.TestReservations" name="test_copies_too_high" time="0.053" /><testcase classname="tests.test_reservations.TestReservations" name="test_copies_zero" time="0.051" /><testcase classname="tests.test_reservations.TestReservations" name="test_short_full_name" time="0.055" /></testsuite></testsuites>