<?xml version="1.0" encoding="utf-8"?><testsuites name="pytest tests"><testsuite name="pytest" errors="0" failures="0" skipped="0" tests="9" time="1.201" timestamp="2026-07-13T10:20:58.125803+00:00" hostname="agent-env-c785dfba-a61c-45ab-8855-3baa156c9495"><testcase classname="tests.test_reservations.TestRoot" name="test_api_root" time="0.178" /><testcase classname="tests.test_reservations.TestReservations" name="test_create_reservation_valid" time="0.345" /><testcase classname="tests.test_reservations.TestInventory" name="test_inventory_shape" time="0.043" /><testcase classname="tests.test_reservations.TestReservations" name="test_create_reservation_multiple_copies" time="0.122" /><testcase classname="tests.test_reservations.TestReservations" name="test_invalid_email" time="0.040" /><testcase classname="tests.test_reservations.TestReservations" name="test_missing_required_field" time="0.044" /><testcase classname="tests.test_reservations.TestReservations" name="test_copies_too_high" time="0.044" /><testcase classname="tests.test_reservations.TestReservations" name="test_copies_zero" time="0.043" /><testcase classname="tests.test_reservations.TestReservations" name="test_short_full_name" time="0.080" /></testsuite></testsuites>